0 info it worked if it ends with ok
1 verbose cli [ '/usr/local/bin/iojs', '/usr/local/bin/npm', 'start' ]
2 info using npm@3.3.12
3 info using node@v5.5.0
4 verbose run-script [ 'prestart', 'start', 'poststart' ]
5 info lifecycle simple-template@0.0.1~prestart: simple-template@0.0.1
6 silly lifecycle simple-template@0.0.1~prestart: no script for prestart, continuing
7 info lifecycle simple-template@0.0.1~start: simple-template@0.0.1
8 verbose lifecycle simple-template@0.0.1~start: unsafe-perm in lifecycle true
9 verbose lifecycle simple-template@0.0.1~start: PATH: /usr/local/lib/node_modules/npm/bin/node-gyp-bin:/Users/slavab/local/three-simple/node_modules/.bin:/Users/slavab/interactivespaces/prod/workbench/bin:/Users/slavab/interactivespaces/prod/ecp/bin:/Users/slavab/interactivespaces/prod/ecp/bin/osx/gnubin:/Library/Frameworks/Python.framework/Versions/3.4/bin:/Users/slavab/.rvm/gems/ruby-2.1.2/bin:/Users/slavab/.rvm/gems/ruby-2.1.2@global/bin:/Users/slavab/.rvm/rubies/ruby-2.1.2/bin:/Users/slavab/.npm-packages/bin:/usr/local/bin:/usr/local/share/npm/lib/node_modules/grunt-cli/bin:/usr/local/sbin:/usr/bin:/bin:/usr/sbin:/sbin:/opt/X11/bin::/Users/slavab/.rvm/bin
10 verbose lifecycle simple-template@0.0.1~start: CWD: /Users/slavab/local/three-simple
11 silly lifecycle simple-template@0.0.1~start: Args: [ '-c', 'webpack-dev-server --inline --hot' ]
12 silly lifecycle simple-template@0.0.1~start: Returned: code: 1  signal: null
13 info lifecycle simple-template@0.0.1~start: Failed to exec start script
14 verbose stack Error: simple-template@0.0.1 start: `webpack-dev-server --inline --hot`
14 verbose stack Exit status 1
14 verbose stack     at EventEmitter.<anonymous> (/usr/local/lib/node_modules/npm/lib/utils/lifecycle.js:232:16)
14 verbose stack     at emitTwo (events.js:100:13)
14 verbose stack     at EventEmitter.emit (events.js:185:7)
14 verbose stack     at ChildProcess.<anonymous> (/usr/local/lib/node_modules/npm/lib/utils/spawn.js:24:14)
14 verbose stack     at emitTwo (events.js:100:13)
14 verbose stack     at ChildProcess.emit (events.js:185:7)
14 verbose stack     at maybeClose (internal/child_process.js:821:16)
14 verbose stack     at Process.ChildProcess._handle.onexit (internal/child_process.js:211:5)
15 verbose pkgid simple-template@0.0.1
16 verbose cwd /Users/slavab/local/three-simple
17 error Darwin 14.5.0
18 error argv "/usr/local/bin/iojs" "/usr/local/bin/npm" "start"
19 error node v5.5.0
20 error npm  v3.3.12
21 error code ELIFECYCLE
22 error simple-template@0.0.1 start: `webpack-dev-server --inline --hot`
22 error Exit status 1
23 error Failed at the simple-template@0.0.1 start script 'webpack-dev-server --inline --hot'.
23 error Make sure you have the latest version of node.js and npm installed.
23 error If you do, this is most likely a problem with the simple-template package,
23 error not with npm itself.
23 error Tell the author that this fails on your system:
23 error     webpack-dev-server --inline --hot
23 error You can get their info via:
23 error     npm owner ls simple-template
23 error There is likely additional logging output above.
24 verbose exit [ 1, true ]
